This file contains any messages produced by compilers while
running configure, to aid debugging if configure makes a mistake.

It was created by SNOPT configure 7.6, which was
generated by GNU Autoconf 2.69.  Invocation command line was

  $ ./configure --with-matlab=/usr/local/ --with-blas=matlab --with-64

## --------- ##
## Platform. ##
## --------- ##

hostname = reddyshr-N56JN
uname -m = x86_64
uname -r = 4.15.0-39-generic
uname -s = Linux
uname -v = #42-Ubuntu SMP Tue Oct 23 15:48:01 UTC 2018

/usr/bin/uname -p = unknown
/bin/uname -X     = unknown

/bin/arch              = unknown
/usr/bin/arch -k       = unknown
/usr/convex/getsysinfo = unknown
/usr/bin/hostinfo      = unknown
/bin/machine           = unknown
/usr/bin/oslevel       = unknown
/bin/universe          = unknown

PATH: /opt/ros/melodic/bin
PATH: /usr/local/sbin
PATH: /usr/local/bin
PATH: /usr/sbin
PATH: /usr/bin
PATH: /sbin
PATH: /bin
PATH: /usr/games
PATH: /usr/local/games
PATH: /snap/bin


## ----------- ##
## Core tests. ##
## ----------- ##

configure:2570: checking build system type
configure:2584: result: x86_64-pc-linux-gnu
configure:2604: checking host system type
configure:2617: result: x86_64-pc-linux-gnu
configure:2658: checking how to print strings
configure:2685: result: printf
configure:2754: checking for gcc
configure:2770: found /usr/bin/gcc
configure:2781: result: gcc
configure:3010: checking for C compiler version
configure:3019: gcc --version >&5
gcc (Ubuntu 7.3.0-16ubuntu3) 7.3.0
Copyright (C) 2017 Free Software Foundation, Inc.
This is free software; see the source for copying conditions.  There is NO
warranty; not even for MERCHANTABILITY or FITNESS FOR A PARTICULAR PURPOSE.

configure:3030: $? = 0
configure:3019: gcc -v >&5
Using built-in specs.
COLLECT_GCC=gcc
COLLECT_LTO_WRAPPER=/usr/lib/gcc/x86_64-linux-gnu/7/lto-wrapper
OFFLOAD_TARGET_NAMES=nvptx-none
OFFLOAD_TARGET_DEFAULT=1
Target: x86_64-linux-gnu
Configured with: ../src/configure -v --with-pkgversion='Ubuntu 7.3.0-16ubuntu3' --with-bugurl=file:///usr/share/doc/gcc-7/README.Bugs --enable-languages=c,ada,c++,go,brig,d,fortran,objc,obj-c++ --prefix=/usr --with-gcc-major-version-only --with-as=/usr/bin/x86_64-linux-gnu-as --with-ld=/usr/bin/x86_64-linux-gnu-ld --program-suffix=-7 --program-prefix=x86_64-linux-gnu- --enable-shared --enable-linker-build-id --libexecdir=/usr/lib --without-included-gettext --enable-threads=posix --libdir=/usr/lib --enable-nls --with-sysroot=/ --enable-clocale=gnu --enable-libstdcxx-debug --enable-libstdcxx-time=yes --with-default-libstdcxx-abi=new --enable-gnu-unique-object --disable-vtable-verify --enable-libmpx --enable-plugin --enable-default-pie --with-system-zlib --with-target-system-zlib --enable-objc-gc=auto --enable-multiarch --disable-werror --with-arch-32=i686 --with-abi=m64 --with-multilib-list=m32,m64,mx32 --enable-multilib --with-tune=generic --enable-offload-targets=nvptx-none --without-cuda-driver --enable-checking=release --build=x86_64-linux-gnu --host=x86_64-linux-gnu --target=x86_64-linux-gnu
Thread model: posix
gcc version 7.3.0 (Ubuntu 7.3.0-16ubuntu3) 
configure:3030: $? = 0
configure:3019: gcc -V >&5
gcc: error: unrecognized command line option '-V'
gcc: fatal error: no input files
compilation terminated.
configure:3030: $? = 1
configure:3019: gcc -qversion >&5
gcc: error: unrecognized command line option '-qversion'; did you mean '--version'?
gcc: fatal error: no input files
compilation terminated.
configure:3030: $? = 1
configure:3050: checking whether the C compiler works
configure:3072: gcc    conftest.c  >&5
configure:3076: $? = 0
configure:3124: result: yes
configure:3127: checking for C compiler default output file name
configure:3129: result: a.out
configure:3135: checking for suffix of executables
configure:3142: gcc -o conftest    conftest.c  >&5
configure:3146: $? = 0
configure:3168: result: 
configure:3190: checking whether we are cross compiling
configure:3198: gcc -o conftest    conftest.c  >&5
configure:3202: $? = 0
configure:3209: ./conftest
configure:3213: $? = 0
configure:3228: result: no
configure:3233: checking for suffix of object files
configure:3255: gcc -c   conftest.c >&5
configure:3259: $? = 0
configure:3280: result: o
configure:3284: checking whether we are using the GNU C compiler
configure:3303: gcc -c   conftest.c >&5
configure:3303: $? = 0
configure:3312: result: yes
configure:3321: checking whether gcc accepts -g
configure:3341: gcc -c -g  conftest.c >&5
configure:3341: $? = 0
configure:3382: result: yes
configure:3399: checking for gcc option to accept ISO C89
configure:3462: gcc  -c -g -O2  conftest.c >&5
configure:3462: $? = 0
configure:3475: result: none needed
configure:3495: checking for a sed that does not truncate output
configure:3559: result: /bin/sed
configure:3577: checking for grep that handles long lines and -e
configure:3635: result: /bin/grep
configure:3640: checking for egrep
configure:3702: result: /bin/grep -E
configure:3707: checking for fgrep
configure:3769: result: /bin/grep -F
configure:3804: checking for ld used by gcc
configure:3871: result: /usr/bin/x86_64-linux-gnu-ld
configure:3878: checking if the linker (/usr/bin/x86_64-linux-gnu-ld) is GNU ld
configure:3893: result: yes
configure:3905: checking for BSD- or MS-compatible name lister (nm)
configure:3959: result: /usr/bin/nm -B
configure:4089: checking the name lister (/usr/bin/nm -B) interface
configure:4096: gcc -c -g -O2  conftest.c >&5
configure:4099: /usr/bin/nm -B "conftest.o"
configure:4102: output
0000000000000000 B some_variable
configure:4109: result: BSD nm
configure:4112: checking whether ln -s works
configure:4116: result: yes
configure:4124: checking the maximum length of command line arguments
configure:4255: result: 1572864
configure:4303: checking how to convert x86_64-pc-linux-gnu file names to x86_64-pc-linux-gnu format
configure:4343: result: func_convert_file_noop
configure:4350: checking how to convert x86_64-pc-linux-gnu file names to toolchain format
configure:4370: result: func_convert_file_noop
configure:4377: checking for /usr/bin/x86_64-linux-gnu-ld option to reload object files
configure:4384: result: -r
configure:4458: checking for objdump
configure:4474: found /usr/bin/objdump
configure:4485: result: objdump
configure:4517: checking how to recognize dependent libraries
configure:4717: result: pass_all
configure:4802: checking for dlltool
configure:4832: result: no
configure:4862: checking how to associate runtime and link libraries
configure:4889: result: printf %s\n
configure:4950: checking for ar
configure:4966: found /usr/bin/ar
configure:4977: result: ar
configure:5014: checking for archiver @FILE support
configure:5031: gcc -c -g -O2  conftest.c >&5
configure:5031: $? = 0
configure:5034: ar cru libconftest.a @conftest.lst >&5
ar: `u' modifier ignored since `D' is the default (see `U')
configure:5037: $? = 0
configure:5042: ar cru libconftest.a @conftest.lst >&5
ar: `u' modifier ignored since `D' is the default (see `U')
ar: conftest.o: No such file or directory
configure:5045: $? = 1
configure:5057: result: @
configure:5115: checking for strip
configure:5131: found /usr/bin/strip
configure:5142: result: strip
configure:5214: checking for ranlib
configure:5230: found /usr/bin/ranlib
configure:5241: result: ranlib
configure:5318: checking for gawk
configure:5334: found /usr/bin/gawk
configure:5345: result: gawk
configure:5385: checking command to parse /usr/bin/nm -B output from gcc object
configure:5538: gcc -c -g -O2  conftest.c >&5
configure:5541: $? = 0
configure:5545: /usr/bin/nm -B conftest.o \| sed -n -e 's/^.*[ ]\([ABCDGIRSTW][ABCDGIRSTW]*\)[ ][ ]*\([_A-Za-z][_A-Za-z0-9]*\)$/\1 \2 \2/p' | sed '/ __gnu_lto/d' \> conftest.nm
configure:5548: $? = 0
configure:5614: gcc -o conftest -g -O2   conftest.c conftstm.o >&5
configure:5617: $? = 0
configure:5655: result: ok
configure:5702: checking for sysroot
configure:5732: result: no
configure:5739: checking for a working dd
configure:5777: result: /bin/dd
configure:5781: checking how to truncate binary pipes
configure:5796: result: /bin/dd bs=4096 count=1
configure:5932: gcc -c -g -O2  conftest.c >&5
configure:5935: $? = 0
configure:6125: checking for mt
configure:6141: found /bin/mt
configure:6152: result: mt
configure:6175: checking if mt is a manifest tool
configure:6181: mt '-?'
configure:6189: result: no
configure:6866: checking how to run the C preprocessor
configure:6897: gcc -E  conftest.c
configure:6897: $? = 0
configure:6911: gcc -E  conftest.c
conftest.c:9:10: fatal error: ac_nonexistent.h: No such file or directory
 #include <ac_nonexistent.h>
          ^~~~~~~~~~~~~~~~~~
compilation terminated.
configure:6911: $? = 1
configure: failed program was:
| /* confdefs.h */
| #define PACKAGE_NAME "SNOPT"
| #define PACKAGE_TARNAME "snopt"
| #define PACKAGE_VERSION "7.6"
| #define PACKAGE_STRING "SNOPT 7.6"
| #define PACKAGE_BUGREPORT "optimizers@ccom.ucsd.edu"
| #define PACKAGE_URL ""
| /* end confdefs.h.  */
| #include <ac_nonexistent.h>
configure:6936: result: gcc -E
configure:6956: gcc -E  conftest.c
configure:6956: $? = 0
configure:6970: gcc -E  conftest.c
conftest.c:9:10: fatal error: ac_nonexistent.h: No such file or directory
 #include <ac_nonexistent.h>
          ^~~~~~~~~~~~~~~~~~
compilation terminated.
configure:6970: $? = 1
configure: failed program was:
| /* confdefs.h */
| #define PACKAGE_NAME "SNOPT"
| #define PACKAGE_TARNAME "snopt"
| #define PACKAGE_VERSION "7.6"
| #define PACKAGE_STRING "SNOPT 7.6"
| #define PACKAGE_BUGREPORT "optimizers@ccom.ucsd.edu"
| #define PACKAGE_URL ""
| /* end confdefs.h.  */
| #include <ac_nonexistent.h>
configure:6999: checking for ANSI C header files
configure:7019: gcc -c -g -O2  conftest.c >&5
configure:7019: $? = 0
configure:7092: gcc -o conftest -g -O2   conftest.c  >&5
configure:7092: $? = 0
configure:7092: ./conftest
configure:7092: $? = 0
configure:7103: result: yes
configure:7116: checking for sys/types.h
configure:7116: gcc -c -g -O2  conftest.c >&5
configure:7116: $? = 0
configure:7116: result: yes
configure:7116: checking for sys/stat.h
configure:7116: gcc -c -g -O2  conftest.c >&5
configure:7116: $? = 0
configure:7116: result: yes
configure:7116: checking for stdlib.h
configure:7116: gcc -c -g -O2  conftest.c >&5
configure:7116: $? = 0
configure:7116: result: yes
configure:7116: checking for string.h
configure:7116: gcc -c -g -O2  conftest.c >&5
configure:7116: $? = 0
configure:7116: result: yes
configure:7116: checking for memory.h
configure:7116: gcc -c -g -O2  conftest.c >&5
configure:7116: $? = 0
configure:7116: result: yes
configure:7116: checking for strings.h
configure:7116: gcc -c -g -O2  conftest.c >&5
configure:7116: $? = 0
configure:7116: result: yes
configure:7116: checking for inttypes.h
configure:7116: gcc -c -g -O2  conftest.c >&5
configure:7116: $? = 0
configure:7116: result: yes
configure:7116: checking for stdint.h
configure:7116: gcc -c -g -O2  conftest.c >&5
configure:7116: $? = 0
configure:7116: result: yes
configure:7116: checking for unistd.h
configure:7116: gcc -c -g -O2  conftest.c >&5
configure:7116: $? = 0
configure:7116: result: yes
configure:7130: checking for dlfcn.h
configure:7130: gcc -c -g -O2  conftest.c >&5
configure:7130: $? = 0
configure:7130: result: yes
configure:7386: checking for objdir
configure:7401: result: .libs
configure:7665: checking if gcc supports -fno-rtti -fno-exceptions
configure:7683: gcc -c -g -O2  -fno-rtti -fno-exceptions conftest.c >&5
cc1: warning: command line option '-fno-rtti' is valid for C++/ObjC++ but not for C
configure:7687: $? = 0
configure:7700: result: no
configure:8058: checking for gcc option to produce PIC
configure:8065: result: -fPIC -DPIC
configure:8073: checking if gcc PIC flag -fPIC -DPIC works
configure:8091: gcc -c -g -O2  -fPIC -DPIC -DPIC conftest.c >&5
configure:8095: $? = 0
configure:8108: result: yes
configure:8137: checking if gcc static flag -static works
configure:8165: result: yes
configure:8180: checking if gcc supports -c -o file.o
configure:8201: gcc -c -g -O2  -o out/conftest2.o conftest.c >&5
configure:8205: $? = 0
configure:8227: result: yes
configure:8235: checking if gcc supports -c -o file.o
configure:8282: result: yes
configure:8315: checking whether the gcc linker (/usr/bin/x86_64-linux-gnu-ld -m elf_x86_64) supports shared libraries
configure:9574: result: yes
configure:9611: checking whether -lc should be explicitly linked in
configure:9619: gcc -c -g -O2  conftest.c >&5
configure:9622: $? = 0
configure:9637: gcc -shared  -fPIC -DPIC conftest.o  -v -Wl,-soname -Wl,conftest -o conftest 2\>\&1 \| /bin/grep  -lc  \>/dev/null 2\>\&1
configure:9640: $? = 0
configure:9654: result: no
configure:9814: checking dynamic linker characteristics
configure:10395: gcc -o conftest -g -O2   -Wl,-rpath -Wl,/foo conftest.c  >&5
configure:10395: $? = 0
configure:10632: result: GNU/Linux ld.so
configure:10754: checking how to hardcode library paths into programs
configure:10779: result: immediate
configure:11327: checking whether stripping libraries is possible
configure:11332: result: yes
configure:11367: checking if libtool supports shared libraries
configure:11369: result: yes
configure:11372: checking whether to build shared libraries
configure:11397: result: yes
configure:11400: checking whether to build static libraries
configure:11404: result: yes
configure:11459: checking for a BSD-compatible install
configure:11527: result: /usr/bin/install -c
configure:11591: checking for gfortran
configure:11621: result: no
configure:11591: checking for nagfor
configure:11621: result: no
configure:11591: checking for ifort
configure:11621: result: no
configure:11644: checking for Fortran compiler version
configure:11653:  --version >&5
./configure: line 11655: --version: command not found
configure:11664: $? = 127
configure:11653:  -v >&5
./configure: line 11655: -v: command not found
configure:11664: $? = 127
configure:11653:  -V >&5
./configure: line 11655: -V: command not found
configure:11664: $? = 127
configure:11653:  -qversion >&5
./configure: line 11655: -qversion: command not found
configure:11664: $? = 127
configure:11673: checking whether we are using the GNU Fortran compiler
configure:11686:  -c   conftest.F >&5
./configure: line 1820: -c: command not found
configure:11686: $? = 127
configure: failed program was:
|       program main
| #ifndef __GNUC__
|        choke me
| #endif
| 
|       end
configure:11695: result: no
configure:11701: checking whether  accepts -g
configure:11712:  -c -g  conftest.f >&5
./configure: line 1820: -c: command not found
configure:11712: $? = 127
configure: failed program was:
|       program main
| 
|       end
configure:11720: result: no
configure:14915: checking for gcc
configure:14942: result: gcc
configure:15171: checking for C compiler version
configure:15180: gcc --version >&5
gcc (Ubuntu 7.3.0-16ubuntu3) 7.3.0
Copyright (C) 2017 Free Software Foundation, Inc.
This is free software; see the source for copying conditions.  There is NO
warranty; not even for MERCHANTABILITY or FITNESS FOR A PARTICULAR PURPOSE.

configure:15191: $? = 0
configure:15180: gcc -v >&5
Using built-in specs.
COLLECT_GCC=gcc
COLLECT_LTO_WRAPPER=/usr/lib/gcc/x86_64-linux-gnu/7/lto-wrapper
OFFLOAD_TARGET_NAMES=nvptx-none
OFFLOAD_TARGET_DEFAULT=1
Target: x86_64-linux-gnu
Configured with: ../src/configure -v --with-pkgversion='Ubuntu 7.3.0-16ubuntu3' --with-bugurl=file:///usr/share/doc/gcc-7/README.Bugs --enable-languages=c,ada,c++,go,brig,d,fortran,objc,obj-c++ --prefix=/usr --with-gcc-major-version-only --with-as=/usr/bin/x86_64-linux-gnu-as --with-ld=/usr/bin/x86_64-linux-gnu-ld --program-suffix=-7 --program-prefix=x86_64-linux-gnu- --enable-shared --enable-linker-build-id --libexecdir=/usr/lib --without-included-gettext --enable-threads=posix --libdir=/usr/lib --enable-nls --with-sysroot=/ --enable-clocale=gnu --enable-libstdcxx-debug --enable-libstdcxx-time=yes --with-default-libstdcxx-abi=new --enable-gnu-unique-object --disable-vtable-verify --enable-libmpx --enable-plugin --enable-default-pie --with-system-zlib --with-target-system-zlib --enable-objc-gc=auto --enable-multiarch --disable-werror --with-arch-32=i686 --with-abi=m64 --with-multilib-list=m32,m64,mx32 --enable-multilib --with-tune=generic --enable-offload-targets=nvptx-none --without-cuda-driver --enable-checking=release --build=x86_64-linux-gnu --host=x86_64-linux-gnu --target=x86_64-linux-gnu
Thread model: posix
gcc version 7.3.0 (Ubuntu 7.3.0-16ubuntu3) 
configure:15191: $? = 0
configure:15180: gcc -V >&5
gcc: error: unrecognized command line option '-V'
gcc: fatal error: no input files
compilation terminated.
configure:15191: $? = 1
configure:15180: gcc -qversion >&5
gcc: error: unrecognized command line option '-qversion'; did you mean '--version'?
gcc: fatal error: no input files
compilation terminated.
configure:15191: $? = 1
configure:15195: checking whether we are using the GNU C compiler
configure:15223: result: yes
configure:15232: checking whether gcc accepts -g
configure:15293: result: yes
configure:15310: checking for gcc option to accept ISO C89
configure:15386: result: none needed
configure:15464: checking for g++
configure:15480: found /usr/bin/g++
configure:15491: result: g++
configure:15518: checking for C++ compiler version
configure:15527: g++ --version >&5
g++ (Ubuntu 7.3.0-16ubuntu3) 7.3.0
Copyright (C) 2017 Free Software Foundation, Inc.
This is free software; see the source for copying conditions.  There is NO
warranty; not even for MERCHANTABILITY or FITNESS FOR A PARTICULAR PURPOSE.

configure:15538: $? = 0
configure:15527: g++ -v >&5
Using built-in specs.
COLLECT_GCC=g++
COLLECT_LTO_WRAPPER=/usr/lib/gcc/x86_64-linux-gnu/7/lto-wrapper
OFFLOAD_TARGET_NAMES=nvptx-none
OFFLOAD_TARGET_DEFAULT=1
Target: x86_64-linux-gnu
Configured with: ../src/configure -v --with-pkgversion='Ubuntu 7.3.0-16ubuntu3' --with-bugurl=file:///usr/share/doc/gcc-7/README.Bugs --enable-languages=c,ada,c++,go,brig,d,fortran,objc,obj-c++ --prefix=/usr --with-gcc-major-version-only --with-as=/usr/bin/x86_64-linux-gnu-as --with-ld=/usr/bin/x86_64-linux-gnu-ld --program-suffix=-7 --program-prefix=x86_64-linux-gnu- --enable-shared --enable-linker-build-id --libexecdir=/usr/lib --without-included-gettext --enable-threads=posix --libdir=/usr/lib --enable-nls --with-sysroot=/ --enable-clocale=gnu --enable-libstdcxx-debug --enable-libstdcxx-time=yes --with-default-libstdcxx-abi=new --enable-gnu-unique-object --disable-vtable-verify --enable-libmpx --enable-plugin --enable-default-pie --with-system-zlib --with-target-system-zlib --enable-objc-gc=auto --enable-multiarch --disable-werror --with-arch-32=i686 --with-abi=m64 --with-multilib-list=m32,m64,mx32 --enable-multilib --with-tune=generic --enable-offload-targets=nvptx-none --without-cuda-driver --enable-checking=release --build=x86_64-linux-gnu --host=x86_64-linux-gnu --target=x86_64-linux-gnu
Thread model: posix
gcc version 7.3.0 (Ubuntu 7.3.0-16ubuntu3) 
configure:15538: $? = 0
configure:15527: g++ -V >&5
g++: error: unrecognized command line option '-V'
g++: fatal error: no input files
compilation terminated.
configure:15538: $? = 1
configure:15527: g++ -qversion >&5
g++: error: unrecognized command line option '-qversion'; did you mean '--version'?
g++: fatal error: no input files
compilation terminated.
configure:15538: $? = 1
configure:15542: checking whether we are using the GNU C++ compiler
configure:15561: g++ -c   conftest.cpp >&5
configure:15561: $? = 0
configure:15570: result: yes
configure:15579: checking whether g++ accepts -g
configure:15599: g++ -c -g  conftest.cpp >&5
configure:15599: $? = 0
configure:15640: result: yes
configure:15671: checking how to run the C++ preprocessor
configure:15698: g++ -E  conftest.cpp
configure:15698: $? = 0
configure:15712: g++ -E  conftest.cpp
conftest.cpp:21:10: fatal error: ac_nonexistent.h: No such file or directory
 #include <ac_nonexistent.h>
          ^~~~~~~~~~~~~~~~~~
compilation terminated.
configure:15712: $? = 1
configure: failed program was:
| /* confdefs.h */
| #define PACKAGE_NAME "SNOPT"
| #define PACKAGE_TARNAME "snopt"
| #define PACKAGE_VERSION "7.6"
| #define PACKAGE_STRING "SNOPT 7.6"
| #define PACKAGE_BUGREPORT "optimizers@ccom.ucsd.edu"
| #define PACKAGE_URL ""
| #define STDC_HEADERS 1
| #define HAVE_SYS_TYPES_H 1
| #define HAVE_SYS_STAT_H 1
| #define HAVE_STDLIB_H 1
| #define HAVE_STRING_H 1
| #define HAVE_MEMORY_H 1
| #define HAVE_STRINGS_H 1
| #define HAVE_INTTYPES_H 1
| #define HAVE_STDINT_H 1
| #define HAVE_UNISTD_H 1
| #define HAVE_DLFCN_H 1
| #define LT_OBJDIR ".libs/"
| /* end confdefs.h.  */
| #include <ac_nonexistent.h>
configure:15737: result: g++ -E
configure:15757: g++ -E  conftest.cpp
configure:15757: $? = 0
configure:15771: g++ -E  conftest.cpp
conftest.cpp:21:10: fatal error: ac_nonexistent.h: No such file or directory
 #include <ac_nonexistent.h>
          ^~~~~~~~~~~~~~~~~~
compilation terminated.
configure:15771: $? = 1
configure: failed program was:
| /* confdefs.h */
| #define PACKAGE_NAME "SNOPT"
| #define PACKAGE_TARNAME "snopt"
| #define PACKAGE_VERSION "7.6"
| #define PACKAGE_STRING "SNOPT 7.6"
| #define PACKAGE_BUGREPORT "optimizers@ccom.ucsd.edu"
| #define PACKAGE_URL ""
| #define STDC_HEADERS 1
| #define HAVE_SYS_TYPES_H 1
| #define HAVE_SYS_STAT_H 1
| #define HAVE_STDLIB_H 1
| #define HAVE_STRING_H 1
| #define HAVE_MEMORY_H 1
| #define HAVE_STRINGS_H 1
| #define HAVE_INTTYPES_H 1
| #define HAVE_STDINT_H 1
| #define HAVE_UNISTD_H 1
| #define HAVE_DLFCN_H 1
| #define LT_OBJDIR ".libs/"
| /* end confdefs.h.  */
| #include <ac_nonexistent.h>
configure:15933: checking for ld used by g++
configure:16000: result: /usr/bin/x86_64-linux-gnu-ld -m elf_x86_64
configure:16007: checking if the linker (/usr/bin/x86_64-linux-gnu-ld -m elf_x86_64) is GNU ld
configure:16022: result: yes
configure:16077: checking whether the g++ linker (/usr/bin/x86_64-linux-gnu-ld -m elf_x86_64) supports shared libraries
configure:17150: result: yes
configure:17186: g++ -c -g -O2  conftest.cpp >&5
configure:17189: $? = 0
configure:17652: checking for g++ option to produce PIC
configure:17659: result: -fPIC -DPIC
configure:17667: checking if g++ PIC flag -fPIC -DPIC works
configure:17685: g++ -c -g -O2  -fPIC -DPIC -DPIC conftest.cpp >&5
configure:17689: $? = 0
configure:17702: result: yes
configure:17725: checking if g++ static flag -static works
configure:17753: result: yes
configure:17765: checking if g++ supports -c -o file.o
configure:17786: g++ -c -g -O2  -o out/conftest2.o conftest.cpp >&5
configure:17790: $? = 0
configure:17812: result: yes
configure:17817: checking if g++ supports -c -o file.o
configure:17864: result: yes
configure:17894: checking whether the g++ linker (/usr/bin/x86_64-linux-gnu-ld -m elf_x86_64) supports shared libraries
configure:17934: result: yes
configure:18075: checking dynamic linker characteristics
configure:18820: result: GNU/Linux ld.so
configure:18885: checking how to hardcode library paths into programs
configure:18910: result: immediate
configure:18955: checking how to get verbose linking output from 
configure:18965:  -c   conftest.f >&5
./configure: line 1820: -c: command not found
configure:18965: $? = 127
configure: failed program was:
|       program main
| 
|       end
configure:19060: WARNING: compilation failed
configure:19066: result: 
configure:19068: checking for Fortran libraries of 
configure:19091: -o conftest conftest.f
./configure: line 19096: -o: command not found
configure:19287: result: 
configure:19301: checking Fortran 90 module output flag
configure:19329:  -c  -Jsub  conftest.f >&5
./configure: line 1820: -c: command not found
configure:19329: $? = 127
configure: failed program was:
| 
|       module conftest_module
|       contains
|       subroutine conftest_routine
|       write(*,'(a)') 'gotcha!'
|       end subroutine
|       end module
configure:19329:  -c  -J sub  conftest.f >&5
./configure: line 1820: -c: command not found
configure:19329: $? = 127
configure: failed program was:
| 
|       module conftest_module
|       contains
|       subroutine conftest_routine
|       write(*,'(a)') 'gotcha!'
|       end subroutine
|       end module
configure:19329:  -c  -fmod=sub  conftest.f >&5
./configure: line 1820: -c: command not found
configure:19329: $? = 127
configure: failed program was:
| 
|       module conftest_module
|       contains
|       subroutine conftest_routine
|       write(*,'(a)') 'gotcha!'
|       end subroutine
|       end module
configure:19329:  -c  -moddir=sub  conftest.f >&5
./configure: line 1820: -c: command not found
configure:19329: $? = 127
configure: failed program was:
| 
|       module conftest_module
|       contains
|       subroutine conftest_routine
|       write(*,'(a)') 'gotcha!'
|       end subroutine
|       end module
configure:19329:  -c  +moddir=sub  conftest.f >&5
./configure: line 1820: -c: command not found
configure:19329: $? = 127
configure: failed program was:
| 
|       module conftest_module
|       contains
|       subroutine conftest_routine
|       write(*,'(a)') 'gotcha!'
|       end subroutine
|       end module
configure:19329:  -c  -qmoddir=sub  conftest.f >&5
./configure: line 1820: -c: command not found
configure:19329: $? = 127
configure: failed program was:
| 
|       module conftest_module
|       contains
|       subroutine conftest_routine
|       write(*,'(a)') 'gotcha!'
|       end subroutine
|       end module
configure:19329:  -c  -mod sub  conftest.f >&5
./configure: line 1820: -c: command not found
configure:19329: $? = 127
configure: failed program was:
| 
|       module conftest_module
|       contains
|       subroutine conftest_routine
|       write(*,'(a)') 'gotcha!'
|       end subroutine
|       end module
configure:19329:  -c  -module sub  conftest.f >&5
./configure: line 1820: -c: command not found
configure:19329: $? = 127
configure: failed program was:
| 
|       module conftest_module
|       contains
|       subroutine conftest_routine
|       write(*,'(a)') 'gotcha!'
|       end subroutine
|       end module
configure:19329:  -c  -Msub  conftest.f >&5
./configure: line 1820: -c: command not found
configure:19329: $? = 127
configure: failed program was:
| 
|       module conftest_module
|       contains
|       subroutine conftest_routine
|       write(*,'(a)') 'gotcha!'
|       end subroutine
|       end module
configure:19329:  -c  -Am -Msub  conftest.f >&5
./configure: line 1820: -c: command not found
configure:19329: $? = 127
configure: failed program was:
| 
|       module conftest_module
|       contains
|       subroutine conftest_routine
|       write(*,'(a)') 'gotcha!'
|       end subroutine
|       end module
configure:19329:  -c  -e m -J sub  conftest.f >&5
./configure: line 1820: -c: command not found
configure:19329: $? = 127
configure: failed program was:
| 
|       module conftest_module
|       contains
|       subroutine conftest_routine
|       write(*,'(a)') 'gotcha!'
|       end subroutine
|       end module
configure:19360: result: unknown
configure:19378: checking Fortran 90 module inclusion flag
configure:19400:  -c   conftest.f >&5
./configure: line 1820: -c: command not found
configure:19400: $? = 127
configure: failed program was:
| 
|       module conftest_module
|       contains
|       subroutine conftest_routine
|       write(*,'(a)') 'gotcha!'
|       end subroutine
|       end module
configure:19435: result: unknown
configure:19455: checking whether make sets $(MAKE)
configure:19477: result: yes
configure:19522: checking for Matlab
configure:19529: result: yes
configure:19531: WARNING: Please make sure to use a compiler supported by Matlab
configure:19573: checking for C interface
configure:19575: result: no
configure:19586: checking for C++ interface
configure:19588: result: no
configure:19634: checking for f2c/C support
configure:19636: result: no
configure:19681: checking whether to build f2c
configure:19683: result: no
configure:19951: checking for default size of Fortran integer
configure:19978:  -o conftest    conftest.f  >&5
./configure: line 2116: -o: command not found
configure:19978: $? = 127
configure: program exited with status 127
configure: failed program was:
| 
|         program main
| 
|         use iso_fortran_env, only : file_storage_size
|         integer :: nbytes, nunits
|         inquire(iolength=nunits) 10
|         nbytes = nunits*file_storage_size/8
|         open(unit=42,file='conftestval',status='new')
|         write(42,'(i1)') nbytes
|         close(42)
| 
|       end
| 
configure:19985: WARNING: could not determine integer size -- continuing with 32-bit integers
configure:19995: result: 
configure:20020: 64-bit integers enabled
configure:20321: creating ./config.status
